Using pre-set license

 COMMAND LINE ARGUMENTS:
/Applications/2020.2.1f1/Unity.app/Contents/MacOS/Unity
-adb2
-batchMode
-noUpm
-name
AssetImportWorker0
-projectPath
/Volumes/LaCie/Unity Projects/Tactics RPG Prototype
-logFile
Logs/AssetImportWorker0.log
-srvPort
64694
Successfully changed project path to: /Volumes/LaCie/Unity Projects/Tactics RPG Prototype
/Volumes/LaCie/Unity Projects/Tactics RPG Prototype
Using Asset Import Pipeline V2.
Refreshing native plugins compatible for Editor in 88.14 ms, found 2 plugins.
Preloading 0 native plugins for Editor in 0.00 ms.
Initialize engine version: 2020.2.1f1 (270dd8c3da1c)
[Subsystems] Discovering subsystems at path /Applications/2020.2.1f1/Unity.app/Contents/Resources/UnitySubsystems
[Subsystems] Discovering subsystems at path /Volumes/LaCie/Unity Projects/Tactics RPG Prototype/Assets
GfxDevice: creating device client; threaded=0
2021-10-11 13:15:12.265 Unity[23856:738434] XF273 S preferred device: Intel(R) Iris(TM) Plus Graphics 645 (low power)
2021-10-11 13:15:12.265 Unity[23856:738434] Metal devices available: 1
2021-10-11 13:15:12.265 Unity[23856:738434] 0: Intel(R) Iris(TM) Plus Graphics 645 (low power)
2021-10-11 13:15:12.265 Unity[23856:738434] Using device Intel(R) Iris(TM) Plus Graphics 645 (low power)
Initializing Metal device caps: Intel(R) Iris(TM) Plus Graphics 645
Initialize mono
Mono path[0] = '/Applications/2020.2.1f1/Unity.app/Contents/Managed'
Mono path[1] = '/Applications/2020.2.1f1/Unity.app/Contents/MonoBleedingEdge/lib/mono/unityjit'
Mono config path = '/Applications/2020.2.1f1/Unity.app/Contents/MonoBleedingEdge/etc'
Using monoOptions --debugger-agent=transport=dt_socket,embedding=1,server=y,suspend=n,address=127.0.0.1:56856
Begin MonoManager ReloadAssembly
Registering precompiled unity dll's ...
Register platform support module: /Applications/2020.2.1f1/Unity.app/Contents/PlaybackEngines/MacStandaloneSupport/UnityEditor.OSXStandalone.Extensions.dll
Register platform support module: /Applications/2020.2.1f1/PlaybackEngines/WindowsStandaloneSupport/UnityEditor.WindowsStandalone.Extensions.dll
Registered in 0.001259 seconds.
Native extension for WindowsStandalone target not found
Native extension for OSXStandalone target not found
Refreshing native plugins compatible for Editor in 26.74 ms, found 2 plugins.
Preloading 0 native plugins for Editor in 0.00 ms.
Invoked RoslynAnalysisRunner static constructor.
RoslynAnalysisRunner will not be running.
RoslynAnalysisRunner has terminated.
Mono: successfully reloaded assembly
- Completed reload, in  1.781 seconds
Platform modules already initialized, skipping
Registering precompiled user dll's ...
Registered in 0.061862 seconds.
Begin MonoManager ReloadAssembly
Native extension for WindowsStandalone target not found
Native extension for OSXStandalone target not found
Refreshing native plugins compatible for Editor in 0.36 ms, found 2 plugins.
Preloading 0 native plugins for Editor in 0.00 ms.
Invoked RoslynAnalysisRunner static constructor.
RoslynAnalysisRunner will not be running.
RoslynAnalysisRunner has terminated.
Mono: successfully reloaded assembly
- Completed reload, in  1.264 seconds
Platform modules already initialized, skipping
========================================================================
Worker process is ready to serve import requests
Launching external process: /Applications/2020.2.1f1/Unity.app/Contents/Tools/UnityShaderCompiler
Launched and connected shader compiler UnityShaderCompiler after 0.02 seconds
Refreshing native plugins compatible for Editor in 0.41 ms, found 2 plugins.
Preloading 0 native plugins for Editor in 0.00 ms.
Unloading 1117 Unused Serialized files (Serialized files now loaded: 0)
System memory in use before: 111.8 MB.
System memory in use after: 111.9 MB.

Unloading 27 unused Assets to reduce memory usage. Loaded Objects now: 1583.
Total: 3.271711 ms (FindLiveObjects: 0.381184 ms CreateObjectMapping: 0.069674 ms MarkObjects: 2.716204 ms  DeleteObjects: 0.103231 ms)

========================================================================
Received Import Request.
  path: Assets/Scripts/grid.cs
  artifactKey: Guid(e056206544a3141bd89f6a91eb2da656) Importer(815301076,1909f56bfc062723c751e8b465ee728b)
Start importing Assets/Scripts/grid.cs using Guid(e056206544a3141bd89f6a91eb2da656) Importer(815301076,1909f56bfc062723c751e8b465ee728b)  -> (artifact id: 'df6838203bbb782ecd031e72cae06a56') in 0.459790 seconds
  Import took 0.527773 seconds .

========================================================================
Received Import Request.
  Time since last request: 682.167285 seconds.
  path: Assets/Scripts/Tile.cs
  artifactKey: Guid(40f928c4350744c19a2228b273a39077) Importer(815301076,1909f56bfc062723c751e8b465ee728b)
Start importing Assets/Scripts/Tile.cs using Guid(40f928c4350744c19a2228b273a39077) Importer(815301076,1909f56bfc062723c751e8b465ee728b)  -> (artifact id: 'ec3c11296aa8d93a5a8715a98d172052') in 0.045888 seconds
  Import took 0.107084 seconds .

========================================================================
Received Prepare
Registering precompiled user dll's ...
Registered in 0.198115 seconds.
Begin MonoManager ReloadAssembly
Native extension for WindowsStandalone target not found
Native extension for OSXStandalone target not found
Refreshing native plugins compatible for Editor in 0.34 ms, found 2 plugins.
Preloading 0 native plugins for Editor in 0.00 ms.
Invoked RoslynAnalysisRunner static constructor.
RoslynAnalysisRunner will not be running.
RoslynAnalysisRunner has terminated.
Mono: successfully reloaded assembly
- Completed reload, in  1.313 seconds
Platform modules already initialized, skipping
Refreshing native plugins compatible for Editor in 0.49 ms, found 2 plugins.
Preloading 0 native plugins for Editor in 0.00 ms.
Unloading 1112 Unused Serialized files (Serialized files now loaded: 0)
System memory in use before: 116.9 MB.
System memory in use after: 116.9 MB.

Unloading 22 unused Assets to reduce memory usage. Loaded Objects now: 1585.
Total: 2.779519 ms (FindLiveObjects: 0.417832 ms CreateObjectMapping: 0.089905 ms MarkObjects: 2.185350 ms  DeleteObjects: 0.085041 ms)

========================================================================
Received Prepare
Registering precompiled user dll's ...
Registered in 0.062267 seconds.
Begin MonoManager ReloadAssembly
Native extension for WindowsStandalone target not found
Native extension for OSXStandalone target not found
Refreshing native plugins compatible for Editor in 0.34 ms, found 2 plugins.
Preloading 0 native plugins for Editor in 0.00 ms.
Invoked RoslynAnalysisRunner static constructor.
RoslynAnalysisRunner will not be running.
RoslynAnalysisRunner has terminated.
Mono: successfully reloaded assembly
- Completed reload, in  0.940 seconds
Platform modules already initialized, skipping
Refreshing native plugins compatible for Editor in 0.36 ms, found 2 plugins.
Preloading 0 native plugins for Editor in 0.00 ms.
Unloading 1112 Unused Serialized files (Serialized files now loaded: 0)
System memory in use before: 117.3 MB.
System memory in use after: 117.3 MB.

Unloading 22 unused Assets to reduce memory usage. Loaded Objects now: 1587.
Total: 1.860231 ms (FindLiveObjects: 0.199922 ms CreateObjectMapping: 0.035968 ms MarkObjects: 1.566118 ms  DeleteObjects: 0.057125 ms)

========================================================================
Received Import Request.
  Time since last request: 203.054431 seconds.
  path: Assets/Scripts/grid.cs
  artifactKey: Guid(e056206544a3141bd89f6a91eb2da656) Importer(815301076,1909f56bfc062723c751e8b465ee728b)
Start importing Assets/Scripts/grid.cs using Guid(e056206544a3141bd89f6a91eb2da656) Importer(815301076,1909f56bfc062723c751e8b465ee728b)  -> (artifact id: 'd1f8fa184c6eec5c62c6024e1f97ca79') in 0.013284 seconds
  Import took 0.058040 seconds .

========================================================================
Received Prepare
Registering precompiled user dll's ...
Registered in 0.063537 seconds.
Begin MonoManager ReloadAssembly
Native extension for WindowsStandalone target not found
Native extension for OSXStandalone target not found
Refreshing native plugins compatible for Editor in 0.37 ms, found 2 plugins.
Preloading 0 native plugins for Editor in 0.00 ms.
Invoked RoslynAnalysisRunner static constructor.
RoslynAnalysisRunner will not be running.
RoslynAnalysisRunner has terminated.
Mono: successfully reloaded assembly
- Completed reload, in  0.934 seconds
Platform modules already initialized, skipping
Refreshing native plugins compatible for Editor in 0.32 ms, found 2 plugins.
Preloading 0 native plugins for Editor in 0.00 ms.
Unloading 1112 Unused Serialized files (Serialized files now loaded: 0)
System memory in use before: 117.9 MB.
System memory in use after: 118.0 MB.

Unloading 22 unused Assets to reduce memory usage. Loaded Objects now: 1589.
Total: 2.201075 ms (FindLiveObjects: 0.258885 ms CreateObjectMapping: 0.049437 ms MarkObjects: 1.838418 ms  DeleteObjects: 0.053098 ms)

========================================================================
Received Import Request.
  Time since last request: 15.031656 seconds.
  path: Assets/Scripts/Tile.cs
  artifactKey: Guid(40f928c4350744c19a2228b273a39077) Importer(815301076,1909f56bfc062723c751e8b465ee728b)
Start importing Assets/Scripts/Tile.cs using Guid(40f928c4350744c19a2228b273a39077) Importer(815301076,1909f56bfc062723c751e8b465ee728b)  -> (artifact id: '63824d281908d381a3e8445f27bedd34') in 0.005755 seconds
  Import took 0.041681 seconds .

========================================================================
Received Import Request.
  Time since last request: 0.000230 seconds.
  path: Assets/Scripts/grid.cs
  artifactKey: Guid(e056206544a3141bd89f6a91eb2da656) Importer(815301076,1909f56bfc062723c751e8b465ee728b)
Start importing Assets/Scripts/grid.cs using Guid(e056206544a3141bd89f6a91eb2da656) Importer(815301076,1909f56bfc062723c751e8b465ee728b)  -> (artifact id: 'e9a6c94172edee36d3ee1ad485a10193') in 0.006356 seconds
  Import took 0.022758 seconds .

========================================================================
Received Prepare
Registering precompiled user dll's ...
Registered in 0.062061 seconds.
Begin MonoManager ReloadAssembly
Native extension for WindowsStandalone target not found
Native extension for OSXStandalone target not found
Refreshing native plugins compatible for Editor in 0.36 ms, found 2 plugins.
Preloading 0 native plugins for Editor in 0.00 ms.
Invoked RoslynAnalysisRunner static constructor.
RoslynAnalysisRunner will not be running.
RoslynAnalysisRunner has terminated.
Mono: successfully reloaded assembly
- Completed reload, in  0.927 seconds
Platform modules already initialized, skipping
Refreshing native plugins compatible for Editor in 0.47 ms, found 2 plugins.
Preloading 0 native plugins for Editor in 0.00 ms.
Unloading 1112 Unused Serialized files (Serialized files now loaded: 0)
System memory in use before: 118.5 MB.
System memory in use after: 118.5 MB.

Unloading 22 unused Assets to reduce memory usage. Loaded Objects now: 1591.
Total: 2.119725 ms (FindLiveObjects: 0.253571 ms CreateObjectMapping: 0.066991 ms MarkObjects: 1.731316 ms  DeleteObjects: 0.066178 ms)

========================================================================
Received Prepare
Registering precompiled user dll's ...
Registered in 0.072066 seconds.
Begin MonoManager ReloadAssembly
Native extension for WindowsStandalone target not found
Native extension for OSXStandalone target not found
Refreshing native plugins compatible for Editor in 0.34 ms, found 2 plugins.
Preloading 0 native plugins for Editor in 0.00 ms.
Invoked RoslynAnalysisRunner static constructor.
RoslynAnalysisRunner will not be running.
RoslynAnalysisRunner has terminated.
Mono: successfully reloaded assembly
- Completed reload, in  0.928 seconds
Platform modules already initialized, skipping
Refreshing native plugins compatible for Editor in 0.27 ms, found 2 plugins.
Preloading 0 native plugins for Editor in 0.00 ms.
Unloading 1111 Unused Serialized files (Serialized files now loaded: 0)
System memory in use before: 118.8 MB.
System memory in use after: 118.9 MB.

Unloading 23 unused Assets to reduce memory usage. Loaded Objects now: 1592.
Total: 1.690730 ms (FindLiveObjects: 0.153757 ms CreateObjectMapping: 0.038372 ms MarkObjects: 1.439592 ms  DeleteObjects: 0.057786 ms)

========================================================================
Received Import Request.
  Time since last request: 70.726323 seconds.
  path: Assets/Scripts/Tile.cs
  artifactKey: Guid(40f928c4350744c19a2228b273a39077) Importer(815301076,1909f56bfc062723c751e8b465ee728b)
Start importing Assets/Scripts/Tile.cs using Guid(40f928c4350744c19a2228b273a39077) Importer(815301076,1909f56bfc062723c751e8b465ee728b)  -> (artifact id: '7e07ca4ad03421ec1c79b29b87f3b3d4') in 0.010116 seconds
  Import took 0.035617 seconds .

========================================================================
Received Import Request.
  Time since last request: 113.729858 seconds.
  path: Assets/Scripts/PlayField
  artifactKey: Guid(1e634e1865623444a9f1460ac8c7f547) Importer(815301076,1909f56bfc062723c751e8b465ee728b)
Start importing Assets/Scripts/PlayField using Guid(1e634e1865623444a9f1460ac8c7f547) Importer(815301076,1909f56bfc062723c751e8b465ee728b)  -> (artifact id: '781308c118287781f26b8e0967d43070') in 0.025623 seconds
  Import took 0.068941 seconds .

========================================================================
Received Prepare
Registering precompiled user dll's ...
Registered in 0.323364 seconds.
Begin MonoManager ReloadAssembly
Native extension for WindowsStandalone target not found
Native extension for OSXStandalone target not found
Refreshing native plugins compatible for Editor in 0.36 ms, found 2 plugins.
Preloading 0 native plugins for Editor in 0.00 ms.
Invoked RoslynAnalysisRunner static constructor.
RoslynAnalysisRunner will not be running.
RoslynAnalysisRunner has terminated.
Mono: successfully reloaded assembly
- Completed reload, in  0.930 seconds
Platform modules already initialized, skipping
Refreshing native plugins compatible for Editor in 0.48 ms, found 2 plugins.
Preloading 0 native plugins for Editor in 0.00 ms.
Unloading 1111 Unused Serialized files (Serialized files now loaded: 0)
System memory in use before: 118.5 MB.
System memory in use after: 118.6 MB.

Unloading 22 unused Assets to reduce memory usage. Loaded Objects now: 1594.
Total: 2.994128 ms (FindLiveObjects: 0.341234 ms CreateObjectMapping: 0.086980 ms MarkObjects: 2.437967 ms  DeleteObjects: 0.125066 ms)

========================================================================
Received Import Request.
  Time since last request: 26.756268 seconds.
  path: Assets/Scripts/Camera
  artifactKey: Guid(476b693493ce84bac96f35c45bdafc43) Importer(815301076,1909f56bfc062723c751e8b465ee728b)
Start importing Assets/Scripts/Camera using Guid(476b693493ce84bac96f35c45bdafc43) Importer(815301076,1909f56bfc062723c751e8b465ee728b)  -> (artifact id: '59cfed7ec33edade0d81f1d0ae32090a') in 0.035011 seconds
  Import took 0.054934 seconds .

========================================================================
Received Prepare
Registering precompiled user dll's ...
Registered in 0.062767 seconds.
Begin MonoManager ReloadAssembly
Native extension for WindowsStandalone target not found
Native extension for OSXStandalone target not found
Refreshing native plugins compatible for Editor in 0.35 ms, found 2 plugins.
Preloading 0 native plugins for Editor in 0.00 ms.
Invoked RoslynAnalysisRunner static constructor.
RoslynAnalysisRunner will not be running.
RoslynAnalysisRunner has terminated.
Mono: successfully reloaded assembly
- Completed reload, in  0.920 seconds
Platform modules already initialized, skipping
Refreshing native plugins compatible for Editor in 0.47 ms, found 2 plugins.
Preloading 0 native plugins for Editor in 0.00 ms.
Unloading 1111 Unused Serialized files (Serialized files now loaded: 0)
System memory in use before: 119.1 MB.
System memory in use after: 119.1 MB.

Unloading 22 unused Assets to reduce memory usage. Loaded Objects now: 1596.
Total: 2.528902 ms (FindLiveObjects: 0.249181 ms CreateObjectMapping: 0.066949 ms MarkObjects: 2.134990 ms  DeleteObjects: 0.075916 ms)

========================================================================
Received Prepare
Registering precompiled user dll's ...
Registered in 0.071156 seconds.
Begin MonoManager ReloadAssembly
Native extension for WindowsStandalone target not found
Native extension for OSXStandalone target not found
Refreshing native plugins compatible for Editor in 0.36 ms, found 2 plugins.
Preloading 0 native plugins for Editor in 0.00 ms.
Invoked RoslynAnalysisRunner static constructor.
RoslynAnalysisRunner will not be running.
RoslynAnalysisRunner has terminated.
Mono: successfully reloaded assembly
- Completed reload, in  1.013 seconds
Platform modules already initialized, skipping
Refreshing native plugins compatible for Editor in 0.36 ms, found 2 plugins.
Preloading 0 native plugins for Editor in 0.00 ms.
Unloading 1111 Unused Serialized files (Serialized files now loaded: 0)
System memory in use before: 119.4 MB.
System memory in use after: 119.5 MB.

Unloading 22 unused Assets to reduce memory usage. Loaded Objects now: 1598.
Total: 1.779734 ms (FindLiveObjects: 0.222901 ms CreateObjectMapping: 0.059754 ms MarkObjects: 1.440704 ms  DeleteObjects: 0.055257 ms)

========================================================================
Received Prepare
Registering precompiled user dll's ...
Registered in 0.063501 seconds.
Begin MonoManager ReloadAssembly
Native extension for WindowsStandalone target not found
Native extension for OSXStandalone target not found
Refreshing native plugins compatible for Editor in 0.35 ms, found 2 plugins.
Preloading 0 native plugins for Editor in 0.00 ms.
Invoked RoslynAnalysisRunner static constructor.
RoslynAnalysisRunner will not be running.
RoslynAnalysisRunner has terminated.
Mono: successfully reloaded assembly
- Completed reload, in  0.926 seconds
Platform modules already initialized, skipping
Refreshing native plugins compatible for Editor in 0.46 ms, found 2 plugins.
Preloading 0 native plugins for Editor in 0.00 ms.
Unloading 1111 Unused Serialized files (Serialized files now loaded: 0)
System memory in use before: 119.2 MB.
System memory in use after: 119.2 MB.

Unloading 22 unused Assets to reduce memory usage. Loaded Objects now: 1600.
Total: 2.643948 ms (FindLiveObjects: 0.301504 ms CreateObjectMapping: 0.069673 ms MarkObjects: 2.191276 ms  DeleteObjects: 0.079796 ms)

========================================================================
Received Prepare
Registering precompiled user dll's ...
Registered in 0.359790 seconds.
Begin MonoManager ReloadAssembly
Native extension for WindowsStandalone target not found
Native extension for OSXStandalone target not found
Refreshing native plugins compatible for Editor in 0.38 ms, found 2 plugins.
Preloading 0 native plugins for Editor in 0.00 ms.
Invoked RoslynAnalysisRunner static constructor.
RoslynAnalysisRunner will not be running.
RoslynAnalysisRunner has terminated.
Mono: successfully reloaded assembly
- Completed reload, in  1.364 seconds
Platform modules already initialized, skipping
Refreshing native plugins compatible for Editor in 0.37 ms, found 2 plugins.
Preloading 0 native plugins for Editor in 0.00 ms.
Unloading 1111 Unused Serialized files (Serialized files now loaded: 0)
System memory in use before: 119.7 MB.
System memory in use after: 119.8 MB.

Unloading 22 unused Assets to reduce memory usage. Loaded Objects now: 1602.
Total: 1.829713 ms (FindLiveObjects: 0.291171 ms CreateObjectMapping: 0.047685 ms MarkObjects: 1.438042 ms  DeleteObjects: 0.051668 ms)

========================================================================
Received Import Request.
  Time since last request: 610.858514 seconds.
  path: Assets/Scenes/12X12 Flat Board.unity
  artifactKey: Guid(9fc0d4010bbf28b4594072e72b8655ab) Importer(815301076,1909f56bfc062723c751e8b465ee728b)
Start importing Assets/Scenes/12X12 Flat Board.unity using Guid(9fc0d4010bbf28b4594072e72b8655ab) Importer(815301076,1909f56bfc062723c751e8b465ee728b)  -> (artifact id: 'a8c60bd9f636e8b46de2cb0b1a07523a') in 0.055511 seconds
  Import took 0.086911 seconds .

========================================================================
Received Prepare
Registering precompiled user dll's ...
Registered in 0.069531 seconds.
Begin MonoManager ReloadAssembly
Native extension for WindowsStandalone target not found
Native extension for OSXStandalone target not found
Refreshing native plugins compatible for Editor in 0.76 ms, found 2 plugins.
Preloading 0 native plugins for Editor in 0.00 ms.
Invoked RoslynAnalysisRunner static constructor.
RoslynAnalysisRunner will not be running.
RoslynAnalysisRunner has terminated.
Mono: successfully reloaded assembly
- Completed reload, in  1.880 seconds
Platform modules already initialized, skipping
Refreshing native plugins compatible for Editor in 0.38 ms, found 2 plugins.
Preloading 0 native plugins for Editor in 0.00 ms.
Unloading 1111 Unused Serialized files (Serialized files now loaded: 0)
System memory in use before: 120.0 MB.
System memory in use after: 120.1 MB.

Unloading 22 unused Assets to reduce memory usage. Loaded Objects now: 1604.
Total: 2.756771 ms (FindLiveObjects: 0.427638 ms CreateObjectMapping: 0.073085 ms MarkObjects: 2.172380 ms  DeleteObjects: 0.081807 ms)

========================================================================
Received Prepare
Registering precompiled user dll's ...
Registered in 0.065169 seconds.
Begin MonoManager ReloadAssembly
Native extension for WindowsStandalone target not found
Native extension for OSXStandalone target not found
Refreshing native plugins compatible for Editor in 0.35 ms, found 2 plugins.
Preloading 0 native plugins for Editor in 0.00 ms.
Invoked RoslynAnalysisRunner static constructor.
RoslynAnalysisRunner will not be running.
RoslynAnalysisRunner has terminated.
Mono: successfully reloaded assembly
- Completed reload, in  1.008 seconds
Platform modules already initialized, skipping
Refreshing native plugins compatible for Editor in 0.51 ms, found 2 plugins.
Preloading 0 native plugins for Editor in 0.00 ms.
Unloading 1111 Unused Serialized files (Serialized files now loaded: 0)
System memory in use before: 119.8 MB.
System memory in use after: 119.9 MB.

Unloading 22 unused Assets to reduce memory usage. Loaded Objects now: 1606.
Total: 1.999851 ms (FindLiveObjects: 0.191737 ms CreateObjectMapping: 0.051282 ms MarkObjects: 1.695743 ms  DeleteObjects: 0.059916 ms)

========================================================================
Received Import Request.
  Time since last request: 1015.863619 seconds.
  path: Assets/Scripts/PlayField/Tile.cs
  artifactKey: Guid(40f928c4350744c19a2228b273a39077) Importer(815301076,1909f56bfc062723c751e8b465ee728b)
Start importing Assets/Scripts/PlayField/Tile.cs using Guid(40f928c4350744c19a2228b273a39077) Importer(815301076,1909f56bfc062723c751e8b465ee728b)  -> (artifact id: '98551cc0281fd50b70f3b36fefbf4cf1') in 0.015729 seconds
  Import took 0.047344 seconds .

========================================================================
Received Prepare
Registering precompiled user dll's ...
Registered in 0.066442 seconds.
Begin MonoManager ReloadAssembly
Native extension for WindowsStandalone target not found
Native extension for OSXStandalone target not found
Refreshing native plugins compatible for Editor in 0.36 ms, found 2 plugins.
Preloading 0 native plugins for Editor in 0.00 ms.
Invoked RoslynAnalysisRunner static constructor.
RoslynAnalysisRunner will not be running.
RoslynAnalysisRunner has terminated.
Mono: successfully reloaded assembly
- Completed reload, in  1.093 seconds
Platform modules already initialized, skipping
Refreshing native plugins compatible for Editor in 0.54 ms, found 2 plugins.
Preloading 0 native plugins for Editor in 0.00 ms.
Unloading 1111 Unused Serialized files (Serialized files now loaded: 0)
System memory in use before: 120.4 MB.
System memory in use after: 120.4 MB.

Unloading 22 unused Assets to reduce memory usage. Loaded Objects now: 1608.
Total: 2.488269 ms (FindLiveObjects: 0.284429 ms CreateObjectMapping: 0.070625 ms MarkObjects: 2.042798 ms  DeleteObjects: 0.088783 ms)

========================================================================
Received Import Request.
  Time since last request: 84.722756 seconds.
  path: Assets/Scripts/PlayField/Tile.cs
  artifactKey: Guid(40f928c4350744c19a2228b273a39077) Importer(815301076,1909f56bfc062723c751e8b465ee728b)
Start importing Assets/Scripts/PlayField/Tile.cs using Guid(40f928c4350744c19a2228b273a39077) Importer(815301076,1909f56bfc062723c751e8b465ee728b)  -> (artifact id: 'ca0137b8d18e77a9eb839a0817c40622') in 0.010694 seconds
  Import took 0.053748 seconds .

========================================================================
Received Import Request.
  Time since last request: 0.792824 seconds.
  path: Assets/Scripts/PlayField/Grid.cs
  artifactKey: Guid(0c1af0468d4174421b7f11857c0aa765) Importer(815301076,1909f56bfc062723c751e8b465ee728b)
Start importing Assets/Scripts/PlayField/Grid.cs using Guid(0c1af0468d4174421b7f11857c0aa765) Importer(815301076,1909f56bfc062723c751e8b465ee728b)  -> (artifact id: 'f59d45314b29fc0ce9f2802c937904d1') in 0.028058 seconds
  Import took 0.079260 seconds .

========================================================================
Received Prepare
Registering precompiled user dll's ...
Registered in 0.059940 seconds.
Begin MonoManager ReloadAssembly
Native extension for WindowsStandalone target not found
Native extension for OSXStandalone target not found
Refreshing native plugins compatible for Editor in 0.37 ms, found 2 plugins.
Preloading 0 native plugins for Editor in 0.00 ms.
Invoked RoslynAnalysisRunner static constructor.
RoslynAnalysisRunner will not be running.
RoslynAnalysisRunner has terminated.
Mono: successfully reloaded assembly
- Completed reload, in  0.927 seconds
Platform modules already initialized, skipping
Refreshing native plugins compatible for Editor in 0.28 ms, found 2 plugins.
Preloading 0 native plugins for Editor in 0.00 ms.
Unloading 1112 Unused Serialized files (Serialized files now loaded: 0)
System memory in use before: 120.6 MB.
System memory in use after: 120.7 MB.

Unloading 22 unused Assets to reduce memory usage. Loaded Objects now: 1611.
Total: 2.954091 ms (FindLiveObjects: 0.324631 ms CreateObjectMapping: 0.096959 ms MarkObjects: 2.435757 ms  DeleteObjects: 0.094501 ms)

========================================================================
Received Import Request.
  Time since last request: 14.902917 seconds.
  path: Assets/Scripts/PlayField/GridGenerator.cs
  artifactKey: Guid(0c1af0468d4174421b7f11857c0aa765) Importer(815301076,1909f56bfc062723c751e8b465ee728b)
Start importing Assets/Scripts/PlayField/GridGenerator.cs using Guid(0c1af0468d4174421b7f11857c0aa765) Importer(815301076,1909f56bfc062723c751e8b465ee728b)  -> (artifact id: '1e84388b809cef18cbeaa383f2e2b0c4') in 0.006373 seconds
  Import took 0.098888 seconds .

========================================================================
Received Prepare
Registering precompiled user dll's ...
Registered in 0.081595 seconds.
Begin MonoManager ReloadAssembly
Native extension for WindowsStandalone target not found
Native extension for OSXStandalone target not found
Refreshing native plugins compatible for Editor in 0.54 ms, found 2 plugins.
Preloading 0 native plugins for Editor in 0.00 ms.
Invoked RoslynAnalysisRunner static constructor.
RoslynAnalysisRunner will not be running.
RoslynAnalysisRunner has terminated.
Mono: successfully reloaded assembly
- Completed reload, in  0.940 seconds
Platform modules already initialized, skipping
Refreshing native plugins compatible for Editor in 0.36 ms, found 2 plugins.
Preloading 0 native plugins for Editor in 0.00 ms.
Unloading 1112 Unused Serialized files (Serialized files now loaded: 0)
System memory in use before: 120.5 MB.
System memory in use after: 120.5 MB.

Unloading 22 unused Assets to reduce memory usage. Loaded Objects now: 1613.
Total: 3.948938 ms (FindLiveObjects: 0.383649 ms CreateObjectMapping: 0.114954 ms MarkObjects: 3.323447 ms  DeleteObjects: 0.124264 ms)

========================================================================
Received Import Request.
  Time since last request: 3208.267065 seconds.
  path: Assets/Scripts/MenuScripts.cs
  artifactKey: Guid(82a36c6ad25da42cfa7691cc44224512) Importer(815301076,1909f56bfc062723c751e8b465ee728b)
Start importing Assets/Scripts/MenuScripts.cs using Guid(82a36c6ad25da42cfa7691cc44224512) Importer(815301076,1909f56bfc062723c751e8b465ee728b)  -> (artifact id: 'c96cd7c40bbc45199d5bd2e41fc62d05') in 0.075010 seconds
  Import took 0.098503 seconds .

========================================================================
Received Import Request.
  Time since last request: 1264.076766 seconds.
  path: Assets/Scripts/PlayField/GridGenerator.cs
  artifactKey: Guid(0c1af0468d4174421b7f11857c0aa765) Importer(815301076,1909f56bfc062723c751e8b465ee728b)
Start importing Assets/Scripts/PlayField/GridGenerator.cs using Guid(0c1af0468d4174421b7f11857c0aa765) Importer(815301076,1909f56bfc062723c751e8b465ee728b)  -> (artifact id: 'b14f5cd51a4cd18ff7410c61bb427e76') in 0.036018 seconds
  Import took 0.055332 seconds .

========================================================================
Received Import Request.
  Time since last request: 5.027320 seconds.
  path: Assets/Scripts/PlayField/Grid.cs
  artifactKey: Guid(0c1af0468d4174421b7f11857c0aa765) Importer(815301076,1909f56bfc062723c751e8b465ee728b)
Start importing Assets/Scripts/PlayField/Grid.cs using Guid(0c1af0468d4174421b7f11857c0aa765) Importer(815301076,1909f56bfc062723c751e8b465ee728b)  -> (artifact id: '99d86a772fee71c2df17a3ec6cf0eb39') in 0.007464 seconds
  Import took 0.030097 seconds .

========================================================================
Received Import Request.
  Time since last request: 8.244157 seconds.
  path: Assets/Scripts/PlayField/GridManager.cs
  artifactKey: Guid(0c1af0468d4174421b7f11857c0aa765) Importer(815301076,1909f56bfc062723c751e8b465ee728b)
Start importing Assets/Scripts/PlayField/GridManager.cs using Guid(0c1af0468d4174421b7f11857c0aa765) Importer(815301076,1909f56bfc062723c751e8b465ee728b)  -> (artifact id: '3f1386fcba3d923b031d1bc5ee932050') in 0.025233 seconds
  Import took 0.027638 seconds .

========================================================================
Received Import Request.
  Time since last request: 331.334161 seconds.
  path: Assets/Scripts/PlayField/GridManager.cs
  artifactKey: Guid(0c1af0468d4174421b7f11857c0aa765) Importer(815301076,1909f56bfc062723c751e8b465ee728b)
Start importing Assets/Scripts/PlayField/GridManager.cs using Guid(0c1af0468d4174421b7f11857c0aa765) Importer(815301076,1909f56bfc062723c751e8b465ee728b)  -> (artifact id: '7e2b7829d154a91e9a7b5d03902508c4') in 0.013855 seconds
  Import took 0.028518 seconds .

========================================================================
Received Import Request.
  Time since last request: 264.338965 seconds.
  path: Assets/Cube.prefab
  artifactKey: Guid(312386a147fa94e17a5cb2e2e969491f) Importer(815301076,1909f56bfc062723c751e8b465ee728b)
Start importing Assets/Cube.prefab using Guid(312386a147fa94e17a5cb2e2e969491f) Importer(815301076,1909f56bfc062723c751e8b465ee728b)  -> (artifact id: 'b08ec04e41daf0ee1ea06df93d0b4175') in 2.556521 seconds
  Import took 2.569375 seconds .

========================================================================
Received Import Request.
  Time since last request: 7.914246 seconds.
  path: Assets/prefabs
  artifactKey: Guid(e90bf393a469d4b70ac83ce47b61de5c) Importer(815301076,1909f56bfc062723c751e8b465ee728b)
Start importing Assets/prefabs using Guid(e90bf393a469d4b70ac83ce47b61de5c) Importer(815301076,1909f56bfc062723c751e8b465ee728b)  -> (artifact id: '800894cf81fdf15f065acc61b50029ec') in 0.034527 seconds
  Import took 0.037753 seconds .

========================================================================
Received Import Request.
  Time since last request: 5.052945 seconds.
  path: Assets/Prefabs
  artifactKey: Guid(e90bf393a469d4b70ac83ce47b61de5c) Importer(815301076,1909f56bfc062723c751e8b465ee728b)
Start importing Assets/Prefabs using Guid(e90bf393a469d4b70ac83ce47b61de5c) Importer(815301076,1909f56bfc062723c751e8b465ee728b)  -> (artifact id: '5334aab91062914d83a9301b6b46c238') in 0.015811 seconds
  Import took 0.035029 seconds .

========================================================================
Received Import Request.
  Time since last request: 1.035579 seconds.
  path: Assets/Plugins
  artifactKey: Guid(720712be6e31c444f88f57bb85bf5fa5) Importer(815301076,1909f56bfc062723c751e8b465ee728b)
Start importing Assets/Plugins using Guid(720712be6e31c444f88f57bb85bf5fa5) Importer(815301076,1909f56bfc062723c751e8b465ee728b)  -> (artifact id: '3f52063af0b286518b61020aa6384c5f') in 0.001104 seconds
  Import took 0.003188 seconds .

========================================================================
Received Prepare
Registering precompiled user dll's ...
Registered in 0.233795 seconds.
Begin MonoManager ReloadAssembly
Native extension for WindowsStandalone target not found
Native extension for OSXStandalone target not found
Refreshing native plugins compatible for Editor in 0.39 ms, found 2 plugins.
Preloading 0 native plugins for Editor in 0.00 ms.
Invoked RoslynAnalysisRunner static constructor.
RoslynAnalysisRunner will not be running.
RoslynAnalysisRunner has terminated.
Mono: successfully reloaded assembly
- Completed reload, in  1.111 seconds
Platform modules already initialized, skipping
Refreshing native plugins compatible for Editor in 0.46 ms, found 2 plugins.
Preloading 0 native plugins for Editor in 0.00 ms.
Unloading 1111 Unused Serialized files (Serialized files now loaded: 0)
System memory in use before: 128.7 MB.
System memory in use after: 128.8 MB.

Unloading 23 unused Assets to reduce memory usage. Loaded Objects now: 1622.
Total: 3.040983 ms (FindLiveObjects: 0.406907 ms CreateObjectMapping: 0.100421 ms MarkObjects: 2.454191 ms  DeleteObjects: 0.077633 ms)

========================================================================
Received Import Request.
  Time since last request: 165.664494 seconds.
  path: Assets/Scripts/PlayField/GridManager.cs
  artifactKey: Guid(0c1af0468d4174421b7f11857c0aa765) Importer(815301076,1909f56bfc062723c751e8b465ee728b)
Start importing Assets/Scripts/PlayField/GridManager.cs using Guid(0c1af0468d4174421b7f11857c0aa765) Importer(815301076,1909f56bfc062723c751e8b465ee728b)  -> (artifact id: '4de0148b8cb8d47b823b40854ae77470') in 0.009283 seconds
  Import took 0.011514 seconds .

========================================================================
Received Prepare
Registering precompiled user dll's ...
Registered in 0.073905 seconds.
Begin MonoManager ReloadAssembly
Native extension for WindowsStandalone target not found
Native extension for OSXStandalone target not found
Refreshing native plugins compatible for Editor in 0.35 ms, found 2 plugins.
Preloading 0 native plugins for Editor in 0.00 ms.
Invoked RoslynAnalysisRunner static constructor.
RoslynAnalysisRunner will not be running.
RoslynAnalysisRunner has terminated.
Mono: successfully reloaded assembly
- Completed reload, in  1.255 seconds
Platform modules already initialized, skipping
Refreshing native plugins compatible for Editor in 0.40 ms, found 2 plugins.
Preloading 0 native plugins for Editor in 0.00 ms.
Unloading 1112 Unused Serialized files (Serialized files now loaded: 0)
System memory in use before: 128.3 MB.
System memory in use after: 128.4 MB.

Unloading 22 unused Assets to reduce memory usage. Loaded Objects now: 1625.
Total: 1.852229 ms (FindLiveObjects: 0.198174 ms CreateObjectMapping: 0.040588 ms MarkObjects: 1.555321 ms  DeleteObjects: 0.056998 ms)

========================================================================
Received Import Request.
  Time since last request: 312.320809 seconds.
  path: Assets/Prefabs/Cube.prefab
  artifactKey: Guid(312386a147fa94e17a5cb2e2e969491f) Importer(815301076,1909f56bfc062723c751e8b465ee728b)
Start importing Assets/Prefabs/Cube.prefab using Guid(312386a147fa94e17a5cb2e2e969491f) Importer(815301076,1909f56bfc062723c751e8b465ee728b)  -> (artifact id: 'cad0b9665b2d8b92bd15948c5b6ac263') in 0.445630 seconds
  Import took 0.492534 seconds .

========================================================================
Received Import Request.
  Time since last request: 2.471916 seconds.
  path: Assets/Plugins/GitHub
  artifactKey: Guid(18e096a98c2704c40a818dd1214cd179) Importer(815301076,1909f56bfc062723c751e8b465ee728b)
Start importing Assets/Plugins/GitHub using Guid(18e096a98c2704c40a818dd1214cd179) Importer(815301076,1909f56bfc062723c751e8b465ee728b)  -> (artifact id: 'e1edffe3ac331f2550576ff5f370e91f') in 0.002007 seconds
  Import took 0.022152 seconds .

========================================================================
Received Prepare
Registering precompiled user dll's ...
Registered in 0.000409 seconds.
Begin MonoManager ReloadAssembly
Native extension for WindowsStandalone target not found
Native extension for OSXStandalone target not found
Refreshing native plugins compatible for Editor in 0.25 ms, found 1 plugins.
Preloading 0 native plugins for Editor in 0.00 ms.
Invoked RoslynAnalysisRunner static constructor.
RoslynAnalysisRunner will not be running.
RoslynAnalysisRunner has terminated.
Mono: successfully reloaded assembly
- Completed reload, in  1.081 seconds
Platform modules already initialized, skipping
Refreshing native plugins compatible for Editor in 0.43 ms, found 1 plugins.
Preloading 0 native plugins for Editor in 0.00 ms.
Unloading 1092 Unused Serialized files (Serialized files now loaded: 0)
System memory in use before: 125.7 MB.
System memory in use after: 125.8 MB.

Unloading 7 unused Assets to reduce memory usage. Loaded Objects now: 1630.
Total: 4.085215 ms (FindLiveObjects: 0.467188 ms CreateObjectMapping: 0.106576 ms MarkObjects: 3.351723 ms  DeleteObjects: 0.156745 ms)

========================================================================
Received Import Request.
  Time since last request: 31.019063 seconds.
  path: Assets/Tile.cs
  artifactKey: Guid(2815009a1d58f48569109a3a1d044552) Importer(815301076,1909f56bfc062723c751e8b465ee728b)
Start importing Assets/Tile.cs using Guid(2815009a1d58f48569109a3a1d044552) Importer(815301076,1909f56bfc062723c751e8b465ee728b)  -> (artifact id: 'd9674d3aba62cb335a31854079b11198') in 0.015015 seconds
  Import took 0.040208 seconds .

========================================================================
Received Import Request.
  Time since last request: 0.000610 seconds.
  path: Assets/Resources/Materials/basicTile.mat
  artifactKey: Guid(41ea0d019cfc84015ae4378fad02c55a) Importer(815301076,1909f56bfc062723c751e8b465ee728b)
Start importing Assets/Resources/Materials/basicTile.mat using Guid(41ea0d019cfc84015ae4378fad02c55a) Importer(815301076,1909f56bfc062723c751e8b465ee728b)  -> (artifact id: '41a1ec800d728a40ce560fda6d0518df') in 0.642480 seconds
  Import took 0.666430 seconds .

========================================================================
Received Prepare
Registering precompiled user dll's ...
Registered in 0.000367 seconds.
Begin MonoManager ReloadAssembly
Native extension for WindowsStandalone target not found
Native extension for OSXStandalone target not found
Refreshing native plugins compatible for Editor in 0.26 ms, found 1 plugins.
Preloading 0 native plugins for Editor in 0.00 ms.
Invoked RoslynAnalysisRunner static constructor.
RoslynAnalysisRunner will not be running.
RoslynAnalysisRunner has terminated.
Mono: successfully reloaded assembly
- Completed reload, in  1.564 seconds
Platform modules already initialized, skipping
Refreshing native plugins compatible for Editor in 0.33 ms, found 1 plugins.
Preloading 0 native plugins for Editor in 0.00 ms.
Unloading 1091 Unused Serialized files (Serialized files now loaded: 0)
System memory in use before: 130.6 MB.
System memory in use after: 130.7 MB.

Unloading 6 unused Assets to reduce memory usage. Loaded Objects now: 1665.
Total: 3.102699 ms (FindLiveObjects: 0.215119 ms CreateObjectMapping: 0.053147 ms MarkObjects: 2.680318 ms  DeleteObjects: 0.121444 ms)

========================================================================
Received Prepare
Registering precompiled user dll's ...
Registered in 0.000461 seconds.
Begin MonoManager ReloadAssembly
Native extension for WindowsStandalone target not found
Native extension for OSXStandalone target not found
Refreshing native plugins compatible for Editor in 0.27 ms, found 1 plugins.
Preloading 0 native plugins for Editor in 0.00 ms.
Invoked RoslynAnalysisRunner static constructor.
RoslynAnalysisRunner will not be running.
RoslynAnalysisRunner has terminated.
Mono: successfully reloaded assembly
- Completed reload, in  0.970 seconds
Platform modules already initialized, skipping
Refreshing native plugins compatible for Editor in 0.36 ms, found 1 plugins.
Preloading 0 native plugins for Editor in 0.00 ms.
Unloading 1092 Unused Serialized files (Serialized files now loaded: 0)
System memory in use before: 130.4 MB.
System memory in use after: 130.4 MB.

Unloading 5 unused Assets to reduce memory usage. Loaded Objects now: 1668.
Total: 2.182405 ms (FindLiveObjects: 0.252740 ms CreateObjectMapping: 0.055775 ms MarkObjects: 1.806175 ms  DeleteObjects: 0.066416 ms)

========================================================================
Received Import Request.
  Time since last request: 29.926798 seconds.
  path: Assets/Scripts/PlayField/NewBehaviourScript.cs
  artifactKey: Guid(2f361539ef50f4ac6ac338a58fa11ca7) Importer(815301076,1909f56bfc062723c751e8b465ee728b)
Start importing Assets/Scripts/PlayField/NewBehaviourScript.cs using Guid(2f361539ef50f4ac6ac338a58fa11ca7) Importer(815301076,1909f56bfc062723c751e8b465ee728b)  -> (artifact id: 'a54a02684bb85940c942ec13ad174ab3') in 0.060309 seconds
  Import took 0.063832 seconds .

========================================================================
Received Import Request.
  Time since last request: 22.535740 seconds.
  path: Assets/Scripts/PlayField/GridManager.cs
  artifactKey: Guid(2f361539ef50f4ac6ac338a58fa11ca7) Importer(815301076,1909f56bfc062723c751e8b465ee728b)
Start importing Assets/Scripts/PlayField/GridManager.cs using Guid(2f361539ef50f4ac6ac338a58fa11ca7) Importer(815301076,1909f56bfc062723c751e8b465ee728b)  -> (artifact id: 'ff7afe9af5402839924d1f840d4618be') in 0.088757 seconds
  Import took 0.134016 seconds .

========================================================================
Received Prepare
Registering precompiled user dll's ...
Registered in 0.000374 seconds.
Begin MonoManager ReloadAssembly
Native extension for WindowsStandalone target not found
Native extension for OSXStandalone target not found
Refreshing native plugins compatible for Editor in 0.24 ms, found 1 plugins.
Preloading 0 native plugins for Editor in 0.00 ms.
Invoked RoslynAnalysisRunner static constructor.
RoslynAnalysisRunner will not be running.
RoslynAnalysisRunner has terminated.
Mono: successfully reloaded assembly
- Completed reload, in  0.914 seconds
Platform modules already initialized, skipping
Refreshing native plugins compatible for Editor in 0.19 ms, found 1 plugins.
Preloading 0 native plugins for Editor in 0.00 ms.
Unloading 1092 Unused Serialized files (Serialized files now loaded: 0)
System memory in use before: 130.9 MB.
System memory in use after: 131.0 MB.

Unloading 5 unused Assets to reduce memory usage. Loaded Objects now: 1670.
Total: 2.064258 ms (FindLiveObjects: 0.237152 ms CreateObjectMapping: 0.055297 ms MarkObjects: 1.713563 ms  DeleteObjects: 0.056505 ms)

========================================================================
Received Prepare
Registering precompiled user dll's ...
Registered in 0.000412 seconds.
Begin MonoManager ReloadAssembly
Native extension for WindowsStandalone target not found
Native extension for OSXStandalone target not found
Refreshing native plugins compatible for Editor in 0.24 ms, found 1 plugins.
Preloading 0 native plugins for Editor in 0.00 ms.
Invoked RoslynAnalysisRunner static constructor.
RoslynAnalysisRunner will not be running.
RoslynAnalysisRunner has terminated.
Mono: successfully reloaded assembly
- Completed reload, in  0.879 seconds
Platform modules already initialized, skipping
Refreshing native plugins compatible for Editor in 0.18 ms, found 1 plugins.
Preloading 0 native plugins for Editor in 0.00 ms.
Unloading 1092 Unused Serialized files (Serialized files now loaded: 0)
System memory in use before: 131.2 MB.
System memory in use after: 131.2 MB.

Unloading 5 unused Assets to reduce memory usage. Loaded Objects now: 1672.
Total: 2.634233 ms (FindLiveObjects: 0.275112 ms CreateObjectMapping: 0.067658 ms MarkObjects: 2.212644 ms  DeleteObjects: 0.076849 ms)

========================================================================
Received Prepare
Registering precompiled user dll's ...
Registered in 0.000404 seconds.
Begin MonoManager ReloadAssembly
Native extension for WindowsStandalone target not found
Native extension for OSXStandalone target not found
Refreshing native plugins compatible for Editor in 0.24 ms, found 1 plugins.
Preloading 0 native plugins for Editor in 0.00 ms.
Invoked RoslynAnalysisRunner static constructor.
RoslynAnalysisRunner will not be running.
RoslynAnalysisRunner has terminated.
Mono: successfully reloaded assembly
- Completed reload, in  1.275 seconds
Platform modules already initialized, skipping
Refreshing native plugins compatible for Editor in 0.42 ms, found 1 plugins.
Preloading 0 native plugins for Editor in 0.00 ms.
Unloading 1092 Unused Serialized files (Serialized files now loaded: 0)
System memory in use before: 131.0 MB.
System memory in use after: 131.1 MB.

Unloading 5 unused Assets to reduce memory usage. Loaded Objects now: 1674.
Total: 2.710366 ms (FindLiveObjects: 0.365514 ms CreateObjectMapping: 0.075902 ms MarkObjects: 2.170335 ms  DeleteObjects: 0.097275 ms)

========================================================================
Received Prepare
Registering precompiled user dll's ...
Registered in 0.000413 seconds.
Begin MonoManager ReloadAssembly
Native extension for WindowsStandalone target not found
Native extension for OSXStandalone target not found
Refreshing native plugins compatible for Editor in 0.25 ms, found 1 plugins.
Preloading 0 native plugins for Editor in 0.00 ms.
Invoked RoslynAnalysisRunner static constructor.
RoslynAnalysisRunner will not be running.
RoslynAnalysisRunner has terminated.
Mono: successfully reloaded assembly
- Completed reload, in  0.953 seconds
Platform modules already initialized, skipping
Refreshing native plugins compatible for Editor in 0.34 ms, found 1 plugins.
Preloading 0 native plugins for Editor in 0.00 ms.
Unloading 1093 Unused Serialized files (Serialized files now loaded: 0)
System memory in use before: 131.6 MB.
System memory in use after: 131.6 MB.

Unloading 5 unused Assets to reduce memory usage. Loaded Objects now: 1677.
Total: 3.255577 ms (FindLiveObjects: 0.397382 ms CreateObjectMapping: 0.073040 ms MarkObjects: 2.713160 ms  DeleteObjects: 0.070389 ms)

========================================================================
Received Import Request.
  Time since last request: 238.295263 seconds.
  path: Assets/Tile.prefab
  artifactKey: Guid(66d8b242b8c724191bf553bf3bf77f80) Importer(815301076,1909f56bfc062723c751e8b465ee728b)
Start importing Assets/Tile.prefab using Guid(66d8b242b8c724191bf553bf3bf77f80) Importer(815301076,1909f56bfc062723c751e8b465ee728b)  -> (artifact id: '0785a3f37b27bf3cf81efb26764dfe17') in 0.083573 seconds
  Import took 0.086640 seconds .

========================================================================
Received Import Request.
  Time since last request: 0.002589 seconds.
  path: Assets/Tile.prefab
  artifactKey: Guid(66d8b242b8c724191bf553bf3bf77f80) Importer(815301076,1909f56bfc062723c751e8b465ee728b)
Start importing Assets/Tile.prefab using Guid(66d8b242b8c724191bf553bf3bf77f80) Importer(815301076,1909f56bfc062723c751e8b465ee728b)  -> (artifact id: '0785a3f37b27bf3cf81efb26764dfe17') in 0.010402 seconds
  Import took 0.012393 seconds .

========================================================================
Received Prepare
Registering precompiled user dll's ...
Registered in 0.000388 seconds.
Begin MonoManager ReloadAssembly
Native extension for WindowsStandalone target not found
Native extension for OSXStandalone target not found
Refreshing native plugins compatible for Editor in 0.33 ms, found 1 plugins.
Preloading 0 native plugins for Editor in 0.00 ms.
Invoked RoslynAnalysisRunner static constructor.
RoslynAnalysisRunner will not be running.
RoslynAnalysisRunner has terminated.
Mono: successfully reloaded assembly
- Completed reload, in  1.057 seconds
Platform modules already initialized, skipping
Refreshing native plugins compatible for Editor in 0.30 ms, found 1 plugins.
Preloading 0 native plugins for Editor in 0.00 ms.
Unloading 1093 Unused Serialized files (Serialized files now loaded: 0)
System memory in use before: 131.2 MB.
System memory in use after: 131.2 MB.

Unloading 6 unused Assets to reduce memory usage. Loaded Objects now: 1680.
Total: 2.250017 ms (FindLiveObjects: 0.280067 ms CreateObjectMapping: 0.054313 ms MarkObjects: 1.832490 ms  DeleteObjects: 0.081941 ms)

========================================================================
Received Prepare
Registering precompiled user dll's ...
Registered in 0.008224 seconds.
Begin MonoManager ReloadAssembly
Native extension for WindowsStandalone target not found
Native extension for OSXStandalone target not found
Refreshing native plugins compatible for Editor in 0.24 ms, found 1 plugins.
Preloading 0 native plugins for Editor in 0.00 ms.
Invoked RoslynAnalysisRunner static constructor.
RoslynAnalysisRunner will not be running.
RoslynAnalysisRunner has terminated.
Mono: successfully reloaded assembly
- Completed reload, in  0.960 seconds
Platform modules already initialized, skipping
Refreshing native plugins compatible for Editor in 0.37 ms, found 1 plugins.
Preloading 0 native plugins for Editor in 0.00 ms.
Unloading 1093 Unused Serialized files (Serialized files now loaded: 0)
System memory in use before: 131.8 MB.
System memory in use after: 131.8 MB.

Unloading 5 unused Assets to reduce memory usage. Loaded Objects now: 1682.
Total: 1.886434 ms (FindLiveObjects: 0.166327 ms CreateObjectMapping: 0.038295 ms MarkObjects: 1.622500 ms  DeleteObjects: 0.057968 ms)

========================================================================
Received Prepare
Registering precompiled user dll's ...
Registered in 0.000392 seconds.
Begin MonoManager ReloadAssembly
Native extension for WindowsStandalone target not found
Native extension for OSXStandalone target not found
Refreshing native plugins compatible for Editor in 0.25 ms, found 1 plugins.
Preloading 0 native plugins for Editor in 0.00 ms.
Invoked RoslynAnalysisRunner static constructor.
RoslynAnalysisRunner will not be running.
RoslynAnalysisRunner has terminated.
Mono: successfully reloaded assembly
- Completed reload, in  0.896 seconds
Platform modules already initialized, skipping
Refreshing native plugins compatible for Editor in 0.22 ms, found 1 plugins.
Preloading 0 native plugins for Editor in 0.00 ms.
Unloading 1093 Unused Serialized files (Serialized files now loaded: 0)
System memory in use before: 132.2 MB.
System memory in use after: 132.3 MB.

Unloading 5 unused Assets to reduce memory usage. Loaded Objects now: 1684.
Total: 1.635258 ms (FindLiveObjects: 0.181871 ms CreateObjectMapping: 0.038583 ms MarkObjects: 1.368115 ms  DeleteObjects: 0.045644 ms)

========================================================================
Received Prepare
Registering precompiled user dll's ...
Registered in 0.016103 seconds.
Begin MonoManager ReloadAssembly
Native extension for WindowsStandalone target not found
Native extension for OSXStandalone target not found
Refreshing native plugins compatible for Editor in 0.25 ms, found 1 plugins.
Preloading 0 native plugins for Editor in 0.00 ms.
Invoked RoslynAnalysisRunner static constructor.
RoslynAnalysisRunner will not be running.
RoslynAnalysisRunner has terminated.
Mono: successfully reloaded assembly
- Completed reload, in  1.588 seconds
Platform modules already initialized, skipping
Refreshing native plugins compatible for Editor in 0.43 ms, found 1 plugins.
Preloading 0 native plugins for Editor in 0.00 ms.
Unloading 1093 Unused Serialized files (Serialized files now loaded: 0)
System memory in use before: 131.9 MB.
System memory in use after: 131.9 MB.

Unloading 5 unused Assets to reduce memory usage. Loaded Objects now: 1686.
Total: 3.040348 ms (FindLiveObjects: 0.340745 ms CreateObjectMapping: 0.071178 ms MarkObjects: 2.557582 ms  DeleteObjects: 0.068954 ms)

========================================================================
Received Prepare
Registering precompiled user dll's ...
Registered in 0.000537 seconds.
Begin MonoManager ReloadAssembly
Native extension for WindowsStandalone target not found
Native extension for OSXStandalone target not found
Refreshing native plugins compatible for Editor in 0.27 ms, found 1 plugins.
Preloading 0 native plugins for Editor in 0.00 ms.
Invoked RoslynAnalysisRunner static constructor.
RoslynAnalysisRunner will not be running.
RoslynAnalysisRunner has terminated.
Mono: successfully reloaded assembly
- Completed reload, in  1.019 seconds
Platform modules already initialized, skipping
Refreshing native plugins compatible for Editor in 0.27 ms, found 1 plugins.
Preloading 0 native plugins for Editor in 0.00 ms.
Unloading 1093 Unused Serialized files (Serialized files now loaded: 0)
System memory in use before: 132.4 MB.
System memory in use after: 132.5 MB.

Unloading 5 unused Assets to reduce memory usage. Loaded Objects now: 1688.
Total: 1.875457 ms (FindLiveObjects: 0.244266 ms CreateObjectMapping: 0.062110 ms MarkObjects: 1.516744 ms  DeleteObjects: 0.051251 ms)

